{"/Users/cvilla/Desktop/Luxe Tareas/apps/Copias/Copia gmail-airtable-processor/src/data/propertyMappings.ts": {"path":"/Users/cvilla/Desktop/Luxe Tareas/apps/Copias/Copia gmail-airtable-processor/src/data/propertyMappings.ts","statementMap":{"0":{"start":{"line":11,"column":13},"end":{"line":24,"column":2}},"1":{"start":{"line":26,"column":13},"end":{"line":41,"column":2}}},"fnMap":{},"branchMap":{},"s":{"0":1,"1":1},"f":{},"b":{}}
,"/Users/cvilla/Desktop/Luxe Tareas/apps/Copias/Copia gmail-airtable-processor/src/utils/propertyMapping.ts": {"path":"/Users/cvilla/Desktop/Luxe Tareas/apps/Copias/Copia gmail-airtable-processor/src/utils/propertyMapping.ts","statementMap":{"0":{"start":{"line":15,"column":4},"end":{"line":18,"column":null}},"1":{"start":{"line":17,"column":8},"end":{"line":17,"column":81}},"2":{"start":{"line":20,"column":26},"end":{"line":20,"column":48}},"3":{"start":{"line":22,"column":4},"end":{"line":38,"column":null}},"4":{"start":{"line":23,"column":8},"end":{"line":23,"column":54}},"5":{"start":{"line":23,"column":42},"end":{"line":23,"column":54}},"6":{"start":{"line":24,"column":39},"end":{"line":24,"column":80}},"7":{"start":{"line":26,"column":24},"end":{"line":27,"column":null}},"8":{"start":{"line":27,"column":12},"end":{"line":27,"column":66}},"9":{"start":{"line":30,"column":8},"end":{"line":30,"column":68}},"10":{"start":{"line":31,"column":11},"end":{"line":38,"column":null}},"11":{"start":{"line":32,"column":8},"end":{"line":32,"column":53}},"12":{"start":{"line":32,"column":41},"end":{"line":32,"column":53}},"13":{"start":{"line":34,"column":34},"end":{"line":34,"column":77}},"14":{"start":{"line":35,"column":24},"end":{"line":35,"column":76}},"15":{"start":{"line":35,"column":47},"end":{"line":35,"column":75}},"16":{"start":{"line":37,"column":8},"end":{"line":37,"column":58}},"17":{"start":{"line":41,"column":4},"end":{"line":41,"column":77}},"18":{"start":{"line":8,"column":0},"end":{"line":8,"column":16}}},"fnMap":{"0":{"name":"findPropertyMapping","decl":{"start":{"line":8,"column":16},"end":{"line":8,"column":35}},"loc":{"start":{"line":13,"column":32},"end":{"line":42,"column":1}}},"1":{"name":"(anonymous_1)","decl":{"start":{"line":26,"column":44},"end":{"line":26,"column":45}},"loc":{"start":{"line":27,"column":12},"end":{"line":27,"column":66}}},"2":{"name":"(anonymous_2)","decl":{"start":{"line":35,"column":42},"end":{"line":35,"column":43}},"loc":{"start":{"line":35,"column":47},"end":{"line":35,"column":75}}}},"branchMap":{"0":{"loc":{"start":{"line":15,"column":4},"end":{"line":18,"column":null}},"type":"if","locations":[{"start":{"line":15,"column":4},"end":{"line":18,"column":null}}]},"1":{"loc":{"start":{"line":17,"column":15},"end":{"line":17,"column":80}},"type":"binary-expr","locations":[{"start":{"line":17,"column":15},"end":{"line":17,"column":42}},{"start":{"line":17,"column":46},"end":{"line":17,"column":72}},{"start":{"line":17,"column":76},"end":{"line":17,"column":80}}]},"2":{"loc":{"start":{"line":22,"column":4},"end":{"line":38,"column":null}},"type":"if","locations":[{"start":{"line":22,"column":4},"end":{"line":38,"column":null}},{"start":{"line":31,"column":11},"end":{"line":38,"column":null}}]},"3":{"loc":{"start":{"line":23,"column":8},"end":{"line":23,"column":54}},"type":"if","locations":[{"start":{"line":23,"column":8},"end":{"line":23,"column":54}}]},"4":{"loc":{"start":{"line":30,"column":15},"end":{"line":30,"column":67}},"type":"cond-expr","locations":[{"start":{"line":30,"column":25},"end":{"line":30,"column":37}},{"start":{"line":30,"column":40},"end":{"line":30,"column":67}}]},"5":{"loc":{"start":{"line":31,"column":11},"end":{"line":38,"column":null}},"type":"if","locations":[{"start":{"line":31,"column":11},"end":{"line":38,"column":null}}]},"6":{"loc":{"start":{"line":31,"column":15},"end":{"line":31,"column":83}},"type":"binary-expr","locations":[{"start":{"line":31,"column":15},"end":{"line":31,"column":45}},{"start":{"line":31,"column":49},"end":{"line":31,"column":83}}]},"7":{"loc":{"start":{"line":32,"column":8},"end":{"line":32,"column":53}},"type":"if","locations":[{"start":{"line":32,"column":8},"end":{"line":32,"column":53}}]},"8":{"loc":{"start":{"line":37,"column":15},"end":{"line":37,"column":57}},"type":"cond-expr","locations":[{"start":{"line":37,"column":25},"end":{"line":37,"column":37}},{"start":{"line":37,"column":40},"end":{"line":37,"column":57}}]},"9":{"loc":{"start":{"line":41,"column":11},"end":{"line":41,"column":76}},"type":"binary-expr","locations":[{"start":{"line":41,"column":11},"end":{"line":41,"column":38}},{"start":{"line":41,"column":42},"end":{"line":41,"column":68}},{"start":{"line":41,"column":72},"end":{"line":41,"column":76}}]}},"s":{"0":13,"1":3,"2":10,"3":10,"4":5,"5":1,"6":4,"7":4,"8":24,"9":4,"10":5,"11":4,"12":1,"13":3,"14":3,"15":14,"16":3,"17":1,"18":1},"f":{"0":13,"1":24,"2":14},"b":{"0":[3],"1":[3,2,1],"2":[5,5],"3":[1],"4":[3,1],"5":[4],"6":[5,1],"7":[1],"8":[2,1],"9":[1,0,0]}}
}
