TN:
SF:src/data/propertyMappings.ts
FNF:0
FNH:0
DA:11,1
DA:26,1
LF:2
LH:2
BRF:0
BRH:0
end_of_record
TN:
SF:src/utils/propertyMapping.ts
FN:8,findPropertyMapping
FN:26,(anonymous_1)
FN:35,(anonymous_2)
FNF:3
FNH:3
FNDA:13,findPropertyMapping
FNDA:24,(anonymous_1)
FNDA:14,(anonymous_2)
DA:8,1
DA:15,13
DA:17,3
DA:20,10
DA:22,10
DA:23,5
DA:24,4
DA:26,4
DA:27,24
DA:30,4
DA:31,5
DA:32,4
DA:34,3
DA:35,14
DA:37,3
DA:41,1
LF:16
LH:16
BRDA:15,0,0,3
BRDA:17,1,0,3
BRDA:17,1,1,2
BRDA:17,1,2,1
BRDA:22,2,0,5
BRDA:22,2,1,5
BRDA:23,3,0,1
BRDA:30,4,0,3
BRDA:30,4,1,1
BRDA:31,5,0,4
BRDA:31,6,0,5
BRDA:31,6,1,1
BRDA:32,7,0,1
BRDA:37,8,0,2
BRDA:37,8,1,1
BRDA:41,9,0,1
BRDA:41,9,1,0
BRDA:41,9,2,0
BRF:18
BRH:16
end_of_record
